[    0.000000] Initializing cgroup subsys cpuset
[    0.000000] Initializing cgroup subsys cpu
[    0.000000] Initializing cgroup subsys cpuacct
[    0.000000] Linux version 4.4.0-87-generic (buildd@lcy01-31) (gcc version 5.4.0 20160609 (Ubuntu 5.4.0-6ubuntu1~16.04.4) ) #110-Ubuntu SMP Tue Jul 18 12:55:35 UTC 2017 (Ubuntu 4.4.0-87.110-generic 4.4.73)
[    0.000000] Command line: BOOT_IMAGE=/boot/vmlinuz-4.4.0-87-generic root=LABEL=cloudimg-rootfs ro console=tty1 console=ttyS0
[    0.000000] KERNEL supported cpus:
[    0.000000]   Intel GenuineIntel
[    0.000000]   AMD AuthenticAMD
[    0.000000]   Centaur CentaurHauls
[    0.000000] x86/fpu: xstate_offset[2]:  576, xstate_sizes[2]:  256
[    0.000000] x86/fpu: Supporting XSAVE feature 0x01: 'x87 floating point registers'
[    0.000000] x86/fpu: Supporting XSAVE feature 0x02: 'SSE registers'
[    0.000000] x86/fpu: Supporting XSAVE feature 0x04: 'AVX registers'
[    0.000000] x86/fpu: Enabled xstate features 0x7, context size is 832 bytes, using 'standard' format.
[    0.000000] x86/fpu: Using 'lazy' FPU context switches.
[    0.000000] e820: BIOS-provided physical RAM map:
[    0.000000] BIOS-e820: [mem 0x0000000000000000-0x000000000009fbff] usable
[    0.000000] BIOS-e820: [mem 0x000000000009fc00-0x000000000009ffff] reserved
[    0.000000] BIOS-e820: [mem 0x00000000000f0000-0x00000000000fffff] reserved
[    0.000000] BIOS-e820: [mem 0x0000000000100000-0x000000007ffeffff] usable
[    0.000000] BIOS-e820: [mem 0x000000007fff0000-0x000000007fffffff] ACPI data
[    0.000000] BIOS-e820: [mem 0x00000000fec00000-0x00000000fec00fff] reserved
[    0.000000] BIOS-e820: [mem 0x00000000fee00000-0x00000000fee00fff] reserved
[    0.000000] BIOS-e820: [mem 0x00000000fffc0000-0x00000000ffffffff] reserved
[    0.000000] NX (Execute Disable) protection: active
[    0.000000] SMBIOS 2.5 present.
[    0.000000] Hypervisor detected: KVM
[    0.000000] e820: last_pfn = 0x7fff0 max_arch_pfn = 0x400000000
[    0.000000] MTRR: Disabled
[    0.000000] x86/PAT: MTRRs disabled, skipping PAT initialization too.
[    0.000000] x86/PAT: Configuration [0-7]: WB  WT  UC- UC  WB  WT  UC- UC  
[    0.000000] CPU MTRRs all blank - virtualized system.
[    0.000000] found SMP MP-table at [mem 0x0009fff0-0x0009ffff] mapped at [ffff88000009fff0]
[    0.000000] Scanning 1 areas for low memory corruption
[    0.000000] RAMDISK: [mem 0x36ae2000-0x37568fff]
[    0.000000] ACPI: Early table checksum verification disabled
[    0.000000] ACPI: RSDP 0x00000000000E0000 000024 (v02 VBOX  )
[    0.000000] ACPI: XSDT 0x000000007FFF0030 00003C (v01 VBOX   VBOXXSDT 00000001 ASL  00000061)
[    0.000000] ACPI: FACP 0x000000007FFF00F0 0000F4 (v04 VBOX   VBOXFACP 00000001 ASL  00000061)
[    0.000000] ACPI: DSDT 0x000000007FFF0470 0021C8 (v02 VBOX   VBOXBIOS 00000002 INTL 20160527)
[    0.000000] ACPI: FACS 0x000000007FFF0200 000040
[    0.000000] ACPI: FACS 0x000000007FFF0200 000040
[    0.000000] ACPI: APIC 0x000000007FFF0240 000054 (v02 VBOX   VBOXAPIC 00000001 ASL  00000061)
[    0.000000] ACPI: SSDT 0x000000007FFF02A0 0001CC (v01 VBOX   VBOXCPUT 00000002 INTL 20160527)
[    0.000000] No NUMA configuration found
[    0.000000] Faking a node at [mem 0x0000000000000000-0x000000007ffeffff]
[    0.000000] NODE_DATA(0) allocated [mem 0x7ffeb000-0x7ffeffff]
[    0.000000] kvm-clock: Using msrs 4b564d01 and 4b564d00
[    0.000000] kvm-clock: cpu 0, msr 0:7ffe3001, primary cpu clock
[    0.000000] kvm-clock: using sched offset of 5860893103 cycles
[    0.000000] clocksource: kvm-clock: mask: 0xffffffffffffffff max_cycles: 0x1cd42e4dffb, max_idle_ns: 881590591483 ns
[    0.000000] Zone ranges:
[    0.000000]   DMA      [mem 0x0000000000001000-0x0000000000ffffff]
[    0.000000]   DMA32    [mem 0x0000000001000000-0x000000007ffeffff]
[    0.000000]   Normal   empty
[    0.000000]   Device   empty
[    0.000000] Movable zone start for each node
[    0.000000] Early memory node ranges
[    0.000000]   node   0: [mem 0x0000000000001000-0x000000000009efff]
[    0.000000]   node   0: [mem 0x0000000000100000-0x000000007ffeffff]
[    0.000000] Initmem setup node 0 [mem 0x0000000000001000-0x000000007ffeffff]
[    0.000000] ACPI: PM-Timer IO Port: 0x4008
[    0.000000] IOAPIC[0]: apic_id 1, version 32, address 0xfec00000, GSI 0-23
[    0.000000] ACPI: INT_SRC_OVR (bus 0 bus_irq 0 global_irq 2 dfl dfl)
[    0.000000] ACPI: INT_SRC_OVR (bus 0 bus_irq 9 global_irq 9 high level)
[    0.000000] Using ACPI (MADT) for SMP configuration information
[    0.000000] smpboot: Allowing 1 CPUs, 0 hotplug CPUs
[    0.000000] PM: Registered nosave memory: [mem 0x00000000-0x00000fff]
[    0.000000] PM: Registered nosave memory: [mem 0x0009f000-0x0009ffff]
[    0.000000] PM: Registered nosave memory: [mem 0x000a0000-0x000effff]
[    0.000000] PM: Registered nosave memory: [mem 0x000f0000-0x000fffff]
[    0.000000] e820: [mem 0x80000000-0xfebfffff] available for PCI devices
[    0.000000] Booting paravirtualized kernel on KVM
[    0.000000] clocksource: refined-jiffies: mask: 0xffffffff max_cycles: 0xffffffff, max_idle_ns: 7645519600211568 ns
[    0.000000] setup_percpu: NR_CPUS:512 nr_cpumask_bits:512 nr_cpu_ids:1 nr_node_ids:1
[    0.000000] PERCPU: Embedded 33 pages/cpu @ffff88007fc00000 s98264 r8192 d28712 u2097152
[    0.000000] PV qspinlock hash table entries: 256 (order: 0, 4096 bytes)
[    0.000000] Built 1 zonelists in Node order, mobility grouping on.  Total pages: 515961
[    0.000000] Policy zone: DMA32
[    0.000000] Kernel command line: BOOT_IMAGE=/boot/vmlinuz-4.4.0-87-generic root=LABEL=cloudimg-rootfs ro console=tty1 console=ttyS0
[    0.000000] PID hash table entries: 4096 (order: 3, 32768 bytes)
[    0.000000] Memory: 2034120K/2096696K available (8474K kernel code, 1293K rwdata, 3984K rodata, 1488K init, 1316K bss, 62576K reserved, 0K cma-reserved)
[    0.000000] SLUB: HWalign=64, Order=0-3, MinObjects=0, CPUs=1, Nodes=1
[    0.000000] Hierarchical RCU implementation.
[    0.000000] 	Build-time adjustment of leaf fanout to 64.
[    0.000000] 	RCU restricting CPUs from NR_CPUS=512 to nr_cpu_ids=1.
[    0.000000] RCU: Adjusting geometry for rcu_fanout_leaf=64, nr_cpu_ids=1
[    0.000000] NR_IRQS:33024 nr_irqs:256 16
[    0.000000] Console: colour VGA+ 80x25
[    0.000000] console [tty1] enabled
[    0.000000] console [ttyS0] enabled
[    0.000000] tsc: Detected 2600.998 MHz processor
[    3.244822] Calibrating delay loop (skipped) preset value.. 5201.99 BogoMIPS (lpj=10403992)
[    3.260955] pid_max: default: 32768 minimum: 301
[    3.345681] ACPI: Core revision 20150930
[    3.354277] ACPI: 2 ACPI AML tables successfully acquired and loaded
[    3.525724] Security Framework initialized
[    3.533383] Yama: becoming mindful.
[    3.557532] AppArmor: AppArmor initialized
[    3.590642] Dentry cache hash table entries: 262144 (order: 9, 2097152 bytes)
[    3.660836] Inode-cache hash table entries: 131072 (order: 8, 1048576 bytes)
[    3.672769] Mount-cache hash table entries: 4096 (order: 3, 32768 bytes)
[    3.690271] Mountpoint-cache hash table entries: 4096 (order: 3, 32768 bytes)
[    3.765120] Initializing cgroup subsys io
[    3.804093] Initializing cgroup subsys memory
[    3.814704] Initializing cgroup subsys devices
[    3.824449] Initializing cgroup subsys freezer
[    3.866112] Initializing cgroup subsys net_cls
[    3.874136] Initializing cgroup subsys perf_event
[    3.917563] Initializing cgroup subsys net_prio
[    3.925776] Initializing cgroup subsys hugetlb
[    3.967700] Initializing cgroup subsys pids
[    3.976009] CPU: Physical Processor ID: 0
[    3.984447] mce: CPU supports 0 MCE banks
[    3.992021] Last level iTLB entries: 4KB 1024, 2MB 1024, 4MB 1024
[    4.002004] Last level dTLB entries: 4KB 1024, 2MB 1024, 4MB 1024, 1GB 4
[    4.090633] Freeing SMP alternatives memory: 32K (ffffffff820b9000 - ffffffff820c1000)
[    4.153510] ftrace: allocating 32128 entries in 126 pages
[    4.408831] smpboot: APIC(0) Converting physical 0 to logical package 0
[    4.622402] smpboot: Max logical packages: 1
[    4.653658] x2apic enabled
[    4.684805] Switched APIC routing to physical x2apic.
[    4.722914] ..TIMER: vector=0x30 apic1=0 pin1=2 apic2=-1 pin2=-1
[    4.785053] APIC calibration not consistent with PM-Timer: 203ms instead of 100ms
[    4.819482] APIC delta adjusted to PM-Timer: 6248138 (12738956)
[    4.894165] smpboot: CPU0: Intel(R) Core(TM) i5-4210M CPU @ 2.60GHz (family: 0x6, model: 0x3c, stepping: 0x3)
[    4.913088] Performance Events: unsupported p6 CPU model 60 no PMU driver, software events only.
[    4.994845] KVM setup paravirtual spinlock
[    5.004593] x86: Booted up 1 node, 1 CPUs
[    5.013774] smpboot: Total of 1 processors activated (5201.99 BogoMIPS)
[    5.082297] devtmpfs: initialized
[    5.090431] evm: security.selinux
[    5.097009] evm: security.SMACK64
[    5.103458] evm: security.SMACK64EXEC
[    5.110252] evm: security.SMACK64TRANSMUTE
[    5.117720] evm: security.SMACK64MMAP
[    5.189890] evm: security.ima
[    5.196218] evm: security.capability
[    5.203697] clocksource: jiffies: mask: 0xffffffff max_cycles: 0xffffffff, max_idle_ns: 7645041785100000 ns
[    5.219701] futex hash table entries: 256 (order: 2, 16384 bytes)
[    5.229897] pinctrl core: initialized pinctrl subsystem
[    5.240744] RTC time:  6:25:54, date: 08/03/17
[    5.291086] NET: Registered protocol family 16
[    5.299363] cpuidle: using governor ladder
[    5.331081] cpuidle: using governor menu
[    5.338440] PCCT header not found.
[    5.389012] ACPI: bus type PCI registered
[    5.396664] acpiphp: ACPI Hot Plug PCI Controller Driver version: 0.5
[    5.421878] PCI: Using configuration type 1 for base access
[    5.495982] ACPI: Added _OSI(Module Device)
[    5.503751] ACPI: Added _OSI(Processor Device)
[    5.511594] ACPI: Added _OSI(3.0 _SCP Extensions)
[    5.519810] ACPI: Added _OSI(Processor Aggregator Device)
[    5.601624] ACPI: Executed 1 blocks of module-level executable AML code
[    5.742402] ACPI: Interpreter enabled
[    5.749592] ACPI: (supports S0 S5)
[    5.798917] ACPI: Using IOAPIC for interrupt routing
[    5.839773] PCI: Using host bridge windows from ACPI; if necessary, use "pci=nocrs" and report a bug
[    5.864612] ACPI: PCI Root Bridge [PCI0] (domain 0000 [bus 00-ff])
[    5.940046] acpi PNP0A03:00: _OSC: OS supports [ASPM ClockPM Segments MSI]
[    5.951252] acpi PNP0A03:00: _OSC failed (AE_NOT_FOUND); disabling ASPM
[    5.962042] acpi PNP0A03:00: fail to add MMCONFIG information, can't access extended PCI configuration space under this bridge.
[    6.067880] PCI host bridge to bus 0000:00
[    6.075620] pci_bus 0000:00: root bus resource [io  0x0000-0x0cf7 window]
[    6.152540] pci_bus 0000:00: root bus resource [io  0x0d00-0xffff window]
[    6.192357] pci_bus 0000:00: root bus resource [mem 0x000a0000-0x000bffff window]
[    6.205697] pci_bus 0000:00: root bus resource [mem 0x80000000-0xffdfffff window]
[    6.300564] pci_bus 0000:00: root bus resource [bus 00-ff]
[    6.460101] pci 0000:00:01.1: legacy IDE quirk: reg 0x10: [io  0x01f0-0x01f7]
[    6.511700] pci 0000:00:01.1: legacy IDE quirk: reg 0x14: [io  0x03f6]
[    6.561049] pci 0000:00:01.1: legacy IDE quirk: reg 0x18: [io  0x0170-0x0177]
[    6.590257] pci 0000:00:01.1: legacy IDE quirk: reg 0x1c: [io  0x0376]
[    6.718932] pci 0000:00:07.0: quirk: [io  0x4000-0x403f] claimed by PIIX4 ACPI
[    6.790951] pci 0000:00:07.0: quirk: [io  0x4100-0x410f] claimed by PIIX4 SMB
[    6.893157] ACPI: PCI Interrupt Link [LNKA] (IRQs 5 9 10 *11)
[    7.034418] ACPI: PCI Interrupt Link [LNKB] (IRQs 5 9 10 *11)
[    7.066412] ACPI: PCI Interrupt Link [LNKC] (IRQs 5 9 *10 11)
[    7.081660] ACPI: PCI Interrupt Link [LNKD] (IRQs 5 *9 10 11)
[    7.096820] ACPI: Enabled 2 GPEs in block 00 to 07
[    7.123518] vgaarb: setting as boot device: PCI:0000:00:02.0
[    7.133149] vgaarb: device added: PCI:0000:00:02.0,decodes=io+mem,owns=io+mem,locks=none
[    7.193120] vgaarb: loaded
[    7.199109] vgaarb: bridge control possible 0000:00:02.0
[    7.209162] SCSI subsystem initialized
[    7.219385] ACPI: bus type USB registered
[    7.245576] usbcore: registered new interface driver usbfs
[    7.287493] usbcore: registered new interface driver hub
[    7.296840] usbcore: registered new device driver usb
[    7.338560] PCI: Using ACPI for IRQ routing
[    7.348458] NetLabel: Initializing
[    7.355448] NetLabel:  domain hash size = 128
[    7.363437] NetLabel:  protocols = UNLABELED CIPSOv4
[    7.372766] NetLabel:  unlabeled traffic allowed by default
[    7.488723] amd_nb: Cannot enumerate AMD northbridges
[    7.556182] clocksource: Switched to clocksource kvm-clock
[    7.577833] AppArmor: AppArmor Filesystem Enabled
[    7.588359] pnp: PnP ACPI init
[    7.620149] pnp: PnP ACPI: found 3 devices
[    7.655164] clocksource: acpi_pm: mask: 0xffffff max_cycles: 0xffffff, max_idle_ns: 2085701024 ns
[    7.688053] NET: Registered protocol family 2
[    7.735114] TCP established hash table entries: 16384 (order: 5, 131072 bytes)
[    7.748946] TCP bind hash table entries: 16384 (order: 6, 262144 bytes)
[    7.785233] TCP: Hash tables configured (established 16384 bind 16384)
[    7.932994] UDP hash table entries: 1024 (order: 3, 32768 bytes)
[    7.942746] UDP-Lite hash table entries: 1024 (order: 3, 32768 bytes)
[    7.984792] NET: Registered protocol family 1
[    7.992926] pci 0000:00:00.0: Limiting direct PCI/PCI transfers
[    8.037710] pci 0000:00:01.0: Activating ISA DMA hang workarounds
[    8.083716] Unpacking initramfs...
[    9.880922] Freeing initrd memory: 10780K (ffff880036ae2000 - ffff880037569000)
[    9.919067] RAPL PMU detected, API unit is 2^-32 Joules, 4 fixed counters 10737418240 ms ovfl timer
[    9.935836] hw unit of domain pp0-core 2^-0 Joules
[   10.021720] hw unit of domain package 2^-0 Joules
[   10.116920] hw unit of domain dram 2^-0 Joules
[   10.176901] hw unit of domain pp1-gpu 2^-0 Joules
[   10.186478] platform rtc_cmos: registered platform RTC device (no PNP device found)
[   10.260772] Scanning for low memory corruption every 60 seconds
[   10.282076] audit: initializing netlink subsys (disabled)
[   10.307753] audit: type=2000 audit(1501741560.034:1): initialized
[   10.323041] Initialise system trusted keyring
[   10.353368] HugeTLB registered 2 MB page size, pre-allocated 0 pages
[   10.385527] zbud: loaded
[   10.397916] VFS: Disk quotas dquot_6.6.0
[   10.456624] VFS: Dquot-cache hash table entries: 512 (order 0, 4096 bytes)
[   10.486196] squashfs: version 4.0 (2009/01/31) Phillip Lougher
[   10.501261] fuse init (API version 7.23)
[   10.565920] Key type big_key registered
[   10.573364] Allocating IMA MOK and blacklist keyrings.
[   10.582411] Key type asymmetric registered
[   10.590438] Asymmetric key parser 'x509' registered
[   10.599059] Block layer SCSI generic (bsg) driver version 0.4 loaded (major 249)
[   10.638766] io scheduler noop registered
[   10.688409] io scheduler deadline registered (default)
[   10.707094] io scheduler cfq registered
[   10.715235] pci_hotplug: PCI Hot Plug PCI Core version: 0.5
[   10.746236] pciehp: PCI Express Hot Plug Controller Driver version: 0.4
[   10.796706] ACPI: AC Adapter [AC] (on-line)
[   10.804570] input: Power Button as /devices/LNXSYSTM:00/LNXPWRBN:00/input/input0
[   10.817924] ACPI: Power Button [PWRF]
[   10.827066] input: Sleep Button as /devices/LNXSYSTM:00/LNXSLPBN:00/input/input1
[   10.840307] ACPI: Sleep Button [SLPF]
[   10.847859] GHES: HEST is not enabled!
[   10.855092] Serial: 8250/16550 driver, 32 ports, IRQ sharing enabled
[   10.905661] 00:02: ttyS0 at I/O 0x3f8 (irq = 4, base_baud = 115200) is a 16550A
[   10.932215] Linux agpgart interface v0.103
[   10.941195] loop: module loaded
[   10.949015] scsi host0: ata_piix
[   10.964186] scsi host1: ata_piix
[   10.970879] ata1: PATA max UDMA/33 cmd 0x1f0 ctl 0x3f6 bmdma 0xd000 irq 14
[   10.982442] ata2: PATA max UDMA/33 cmd 0x170 ctl 0x376 bmdma 0xd008 irq 15
[   11.048046] libphy: Fixed MDIO Bus: probed
[   11.065625] tun: Universal TUN/TAP device driver, 1.6
[   11.097207] tun: (C) 1999-2004 Max Krasnyansky <maxk@qualcomm.com>
[   11.200003] PPP generic driver version 2.4.2
[   11.238415] ehci_hcd: USB 2.0 'Enhanced' Host Controller (EHCI) Driver
[   11.280227] ehci-pci: EHCI PCI platform driver
[   11.288502] ehci-platform: EHCI generic platform driver
[   11.297591] ohci_hcd: USB 1.1 'Open' Host Controller (OHCI) Driver
[   11.324726] ohci-pci: OHCI PCI platform driver
[   11.332880] ohci-platform: OHCI generic platform driver
[   11.377580] uhci_hcd: USB Universal Host Controller Interface driver
[   11.387911] i8042: PNP: PS/2 Controller [PNP0303:PS2K,PNP0f03:PS2M] at 0x60,0x64 irq 1,12
[   11.404784] serio: i8042 KBD port at 0x60,0x64 irq 1
[   11.433473] serio: i8042 AUX port at 0x60,0x64 irq 12
[   11.486765] mousedev: PS/2 mouse device common for all mice
[   11.497241] input: AT Translated Set 2 keyboard as /devices/platform/i8042/serio0/input/input2
[   11.534771] rtc_cmos rtc_cmos: rtc core: registered rtc_cmos as rtc0
[   11.615199] rtc_cmos rtc_cmos: alarms up to one day, 114 bytes nvram
[   11.685265] i2c /dev entries driver
[   11.720539] device-mapper: uevent: version 1.0.3
[   11.729455] device-mapper: ioctl: 4.34.0-ioctl (2015-10-28) initialised: dm-devel@redhat.com
[   11.778501] ledtrig-cpu: registered to indicate activity on CPUs
[   11.798151] NET: Registered protocol family 10
[   11.835375] NET: Registered protocol family 17
[   11.843432] Key type dns_resolver registered
[   11.892346] microcode: CPU0 sig=0x306c3, pf=0x40, revision=0x0
[   11.934112] microcode: Microcode Update Driver: v2.01 <tigran@aivazian.fsnet.co.uk>, Peter Oruba
[   11.996700] registered taskstats version 1
[   12.022480] Loading compiled-in X.509 certificates
[   12.031668] Loaded X.509 cert 'Build time autogenerated kernel key: 713bc24ccc5bf0d11d706d6f5bf7187ed23f7b25'
[   12.164312] zswap: loaded using pool lzo/zbud
[   12.228135] Key type trusted registered
[   12.323312] Key type encrypted registered
[   12.330655] AppArmor: AppArmor sha1 policy hashing enabled
[   12.373177] ima: No TPM chip found, activating TPM-bypass!
[   12.424044] evm: HMAC attrs: 0x1
[   12.431936]   Magic number: 13:245:417
[   12.472192] rtc_cmos rtc_cmos: setting system clock to 2017-08-03 06:26:01 UTC (1501741561)
[   12.528480] BIOS EDD facility v0.16 2004-Jun-25, 0 devices found
[   12.600556] EDD information not available.
[   12.612183] Freeing unused kernel memory: 1488K (ffffffff81f45000 - ffffffff820b9000)
[   12.649802] Write protecting the kernel read-only data: 14336k
[   12.661782] Freeing unused kernel memory: 1756K (ffff880001849000 - ffff880001a00000)
[   12.737529] Freeing unused kernel memory: 112K (ffff880001de4000 - ffff880001e00000)
Loading, please [   12.763730] random: udevadm: uninitialized urandom read (16 bytes read, 5 bits of entropy available)
wait...
starting version 229
[   12.847230] random: systemd-udevd: uninitialized urandom read (16 bytes read, 5 bits of entropy available)
[   12.916785] random: systemd-udevd: uninitialized urandom read (16 bytes read, 5 bits of entropy available)
[   12.933234] random: udevadm: uninitialized urandom read (16 bytes read, 5 bits of entropy available)
[   12.948771] random: systemd-udevd: uninitialized urandom read (16 bytes read, 5 bits of entropy available)
[   12.974072] random: udevadm: uninitialized urandom read (16 bytes read, 5 bits of entropy available)
[   13.011517] random: systemd-udevd: uninitialized urandom read (16 bytes read, 5 bits of entropy available)
[   13.049100] random: udevadm: uninitialized urandom read (16 bytes read, 5 bits of entropy available)
[   13.084450] random: udevadm: uninitialized urandom read (16 bytes read, 5 bits of entropy available)
[   13.176834] random: udevadm: uninitialized urandom read (16 bytes read, 5 bits of entropy available)
[   13.320526] Fusion MPT base driver 3.04.20
[   13.398960] Copyright (c) 1999-2008 LSI Corporation
[   13.423939] e1000: Intel(R) PRO/1000 Network Driver - version 7.3.21-k8-NAPI
[   13.490071] e1000: Copyright (c) 1999-2006 Intel Corporation.
[   13.545484] AVX version of gcm_enc/dec engaged.
[   13.571770] AES CTR mode by8 optimization enabled
[   13.618745] Fusion MPT SPI Host driver 3.04.20
[   13.734491] input: ImExPS/2 Generic Explorer Mouse as /devices/platform/i8042/serio1/input/input4
[   14.445176] e1000 0000:00:03.0 eth0: (PCI:33MHz:32-bit) 02:55:49:e6:89:8c
[   14.521562] e1000 0000:00:03.0 eth0: Intel(R) PRO/1000 Network Connection
[   14.547843] mptbase: ioc0: Initiating bringup
[   14.658753] ioc0: LSI53C1030 A0: Capabilities={Initiator}
[   14.900572] scsi host2: ioc0: LSI53C1030 A0, FwRev=00000000h, Ports=1, MaxQ=256, IRQ=20
[   15.054262] scsi 2:0:0:0: Direct-Access     VBOX     HARDDISK         1.0  PQ: 0 ANSI: 5
[   15.094338] scsi target2:0:0: Beginning Domain Validation
[   15.139989] scsi target2:0:0: Domain Validation skipping write tests
[   15.151840] scsi target2:0:0: Ending Domain Validation
[   15.246408] scsi target2:0:0: asynchronous
[   15.377766] scsi 2:0:1:0: Direct-Access     VBOX     HARDDISK         1.0  PQ: 0 ANSI: 5
[   15.641788] scsi target2:0:1: Beginning Domain Validation
[   15.790039] scsi target2:0:1: Domain Validation skipping write tests
[   15.816801] scsi target2:0:1: Ending Domain Validation
[   15.874296] scsi target2:0:1: asynchronous
[   16.134853] sd 2:0:0:0: Attached scsi generic sg0 type 0
[   16.213788] sd 2:0:0:0: [sda] 20971520 512-byte logical blocks: (10.7 GB/10.0 GiB)
[   16.283065] sd 2:0:0:0: [sda] Write Protect is off
[   16.313247] sd 2:0:0:0: [sda] Incomplete mode parameter data
[   16.322905] sd 2:0:0:0: [sda] Assuming drive cache: write through
[   16.342975] sd 2:0:1:0: [sdb] 20480 512-byte logical blocks: (10.5 MB/10.0 MiB)
[   16.412286] sd 2:0:1:0: Attached scsi generic sg1 type 0
[   16.449508] e1000 0000:00:08.0 eth1: (PCI:33MHz:32-bit) 08:00:27:35:61:81
[   16.482177] e1000 0000:00:08.0 eth1: Intel(R) PRO/1000 Network Connection
[   16.525904] sd 2:0:1:0: [sdb] Write Protect is off
[   16.537398] e1000 0000:00:08.0 enp0s8: renamed from eth1
[   16.584631] sd 2:0:1:0: [sdb] Incomplete mode parameter data
[   16.624107] sd 2:0:1:0: [sdb] Assuming drive cache: write through
[   16.634185] floppy0: no floppy controllers found
[   16.691378]  sda: sda1
[   16.699242] e1000 0000:00:03.0 enp0s3: renamed from eth0
[   16.723033] sd 2:0:0:0: [sda] Attached SCSI disk
[   16.788268] sd 2:0:1:0: [sdb] Attached SCSI disk
Begin: Loading e[   19.903087] md: linear personality registered for level -1
ssential drivers ... [   20.108971] md: multipath personality registered for level -4
[   20.166372] md: raid0 personality registered for level 0
[   20.180047] md: raid1 personality registered for level 1
[   20.265872] raid6: sse2x1   gen()  9976 MB/s
[   20.355717] raid6: sse2x1   xor()  7936 MB/s
[   20.432526] raid6: sse2x2   gen() 12143 MB/s
[   20.535275] raid6: sse2x2   xor()  8898 MB/s
[   20.650279] raid6: sse2x4   gen() 13777 MB/s
[   20.788429] raid6: sse2x4   xor()  9182 MB/s
[   20.811013] raid6: using algorithm sse2x4 gen() 13777 MB/s
[   20.828643] raid6: .... xor() 9182 MB/s, rmw enabled
[   20.837574] raid6: using ssse3x2 recovery algorithm
[   20.849690] xor: automatically using best checksumming function:
[   20.973834]    avx       : 46491.000 MB/sec
[   20.988064] async_tx: api initialized (async)
[   21.012268] md: raid6 personality registered for level 6
[   21.021579] md: raid5 personality registered for level 5
[   21.038144] md: raid4 personality registered for level 4
[   21.055720] md: raid10 personality registered for level 10
done.
Begin: Running /scripts/init-premount ... done.
Begin: Mounting root file system ... Begin: Running /scripts/lo[   21.220803] Btrfs loaded
cal-top ... done.
Begin: Running /scripts/local-premount ... Scanning for Btrfs filesystems
done.
Warning: fsck no[   21.319067] EXT4-fs (sda1): mounted filesystem with ordered data mode. Opts: (null)
t present, so skipping root file system
done.
Begin: Running /scripts/local-bottom ... done.
Begin: Running /scripts/init-bottom ... done.
[   22.130849] systemd[1]: systemd 229 running in system mode. (+PAM +AUDIT +SELINUX +IMA +APPARMOR +SMACK +SYSVINIT +UTMP +LIBCRYPTSETUP +GCRYPT +GNUTLS +ACL +XZ -LZ4 +SECCOMP +BLKID +ELFUTILS +KMOD -IDN)
[   22.460040] systemd[1]: Detected virtualization oracle.
[   22.508472] systemd[1]: Detected architecture x86-64.

Welcome to [1mUbuntu 16.04.2 LTS[0m!

[   22.626581] systemd[1]: Set hostname to <ubuntu>.
[   22.669379] systemd[1]: Initializing machine ID from random generator.
[   22.725191] systemd[1]: Installed transient /etc/machine-id file.
[   22.900816] random: nonblocking pool is initialized
[   23.366393] systemd[1]: Set up automount Arbitrary Executable File Formats File System Automount Point.
[[0;32m  OK  [0m] Set up automount Arbitrary Executab...ats File System Automount Point.
[   23.443322] systemd[1]: Listening on LVM2 poll daemon socket.
[[0;32m  OK  [0m] Listening on LVM2 poll daemon socket.
[   23.463155] systemd[1]: Reached target Encrypted Volumes.
[[0;32m  OK  [0m] Reached target Encrypted Volumes.
[   23.551996] systemd[1]: Started Trigger resolvconf update for networkd DNS.
[[0;32m  OK  [0m] Started Trigger resolvconf update for networkd DNS.
[   23.643811] systemd[1]: Reached target User and Group Name Lookups.
[[0;32m  OK  [0m] Reached target User and Group Name Lookups.
[   23.665263] systemd[1]: Created slice User and Session Slice.
[[0;32m  OK  [0m] Created slice User and Session Slice.
[   23.725172] systemd[1]: Listening on Journal Socket.
[[0;32m  OK  [0m] Listening on Journal Socket.
[   23.763266] systemd[1]: Listening on LVM2 metadata daemon socket.
[[0;32m  OK  [0m] Listening on LVM2 metadata daemon socket.
[   23.842516] systemd[1]: Listening on Journal Audit Socket.
[[0;32m  OK  [0m] Listening on Journal Audit Socket.
[   23.885530] systemd[1]: Listening on Journal Socket (/dev/log).
[[0;32m  OK  [0m] Listening on Journal Socket (/dev/log).
[   23.971198] systemd[1]: Created slice System Slice.
[[0;32m  OK  [0m] Created slice System Slice.
[   24.063052] systemd[1]: Starting Remount Root and Kernel File Systems...
         Starting Remount Root and Kernel File Systems...
[   24.161104] systemd[1]: Starting Nameserver information manager...
         Starting Nameserver information manager...
[   24.218206] systemd[1]: Created slice system-serial\x2dgetty.slice.
[[0;32m  OK  [0m] Created slice system-serial\x2dgetty.slice.
[   24.277418] EXT4-fs (sda1): re-mounted. Opts: (null)
[   24.288287] systemd[1]: Starting Create list of required static device nodes for the current kernel...
         Starting Create list of required st... nodes for the current kernel...
[   24.398914] systemd[1]: Listening on udev Control Socket.
[[0;32m  OK  [0m] Listening on udev Control Socket.
[   24.579558] systemd[1]: Mounting POSIX Message Queue File System...
         Mounting POSIX Message Queue File System...
[   24.609222] systemd[1]: Starting Set console keymap...
         Starting Set console keymap...
[   24.666290] systemd[1]: Reached target Swap.
[[0;32m  OK  [0m] Reached target Swap.
[   24.707419] systemd[1]: Starting Uncomplicated firewall...
         Starting Uncomplicated firewall...
[   24.787536] systemd[1]: Listening on Syslog Socket.
[[0;32m  OK  [0m] Listening on Syslog Socket.
[   24.809673] systemd[1]: Starting Journal Service...
         Starting Journal Service...
[   24.841431] systemd[1]: Started Forward Password Requests to Wall Directory Watch.
[[0;32m  OK  [0m] Started Forward Password Requests to Wall Directory Watch.
[   24.902379] systemd[1]: Reached target Slices.
[[0;32m  OK  [0m] Reached target Slices.
[   24.994493] systemd[1]: Mounting Debug File System...
         Mounting Debug File System...
[   25.099872] systemd[1]: Mounting Huge Pages File System...
         Mounting Huge Pages File System...
[   25.127081] systemd[1]: Starting Load Kernel Modules...
         Starting Load Kernel Modules...
[   25.234689] systemd[1]: Listening on udev Kernel Socket.
[   25.294995] Loading iSCSI transport class v2.0-870.
[[0;32m  OK  [0m] Listening on udev Kernel Socket.
[   25.324162] systemd[1]: Listening on /dev/initctl Compatibility Named Pipe.
[   25.343955] iscsi: registered transport (tcp)
[[0;32m  OK  [0m] Listening on /dev/initctl Compatibility Named Pipe.
[   25.409838] systemd[1]: Listening on Device-mapper event daemon FIFOs.
[[0;32m  OK  [0m] Listening on Device-mapper event daemon FIFOs.
[   25.508051] systemd[1]: Starting Monitoring of LVM2 mirrors, snapshots etc. using dmeventd or progress polling...
         Starting Monitoring of LVM2 mirrors... dmeventd or progress polling...
[   25.722820] systemd[1]: Mounted Debug File System.
[[0;32m  OK  [0m] Mounted Debug File System.
[   25.797928] systemd[1]: Mounted POSIX Message Queue File System.
[[0;32m  OK  [0m[   25.834684] iscsi: registered transport (iser)
] Mounted POSIX Message Queue File System.
[   25.855220] systemd[1]: Mounted Huge Pages File System.
[[0;32m  OK  [0m] Mounted Huge Pages File System.
[   25.877619] systemd[1]: Started Journal Service.
[[0;32m  OK  [0m] Started Journal Service.
[[0;32m  OK  [0m] Started Remount Root and Kernel File Systems.
[[0;32m  OK  [0m] Started Create list of required sta...ce nodes for the current kernel.
[[0;32m  OK  [0m] Started Set console keymap.
[[0;32m  OK  [0m] Started Uncomplicated firewall.
[[0;32m  OK  [0m] Started Load Kernel Modules.
[[0;32m  OK  [0m] Started Nameserver information manager.
[[0;32m  OK  [0m] Started LVM2 metadata daemon.
         Mounting FUSE Control File System...
         Starting Apply Kernel Variables...
         Starting Create Static Device Nodes in /dev...
         Starting Load/Save Random Seed...
         Starting udev Coldplug all Devices...
         Starting Initial cloud-init job (pre-networking)...
         Starting Flush Journal to Persistent Storage...
[[0;32m  OK  [0m] Mounted FUSE Control File System.
[[0;32m  OK  [0m] Started Apply Kernel Variables.
[[0;32m  OK  [0m] Started Load/Save Random Seed.
[[0;32m  OK  [0m] Started Create Static Device Nodes in /dev.
[[0;32m  OK  [0m] Started udev Coldplug all Devices.
[[0;32m  OK  [0m] Started Monitoring of LVM2 mirrors,...ng dmeventd or progress polling.
[[0;32m  OK  [0m] Started Flush Journal to Persistent Storage.
         Starting udev Kernel Device Manager...
[[0;32m  OK  [0m] Started udev Kernel Device Manager.
[[0;32m  OK  [0m] Reached target Local File Systems (Pre).
[[0;32m  OK  [0m] Reached target Local File Systems.
         Starting Tell Plymouth To Write Out Runtime Data...
         Starting Create Volatile Files and Directories...
         Starting Set console font and keymap...
         Starting Commit a transient machine-id on disk...
         Starting LSB: AppArmor initialization...
[[0;32m  OK  [0m] Started Dispatch Password Requests to Console Directory Watch.
[[0;32m  OK  [0m] Started Tell Plymouth To Write Out Runtime Data.
[[0;32m  OK  [0m] Started Create Volatile Files and Directories.
[[0;32m  OK  [0m] Started Commit a transient machine-id on disk.
[[0;32m  OK  [0m] Found device /dev/ttyS0.
         Starting Update UTMP about System Boot/Shutdown...
[[0;32m  OK  [0m] Reached target System Time Synchronized.
[[0;32m  OK  [0m[   24.141694] cloud-init[463]: Cloud-init v. 0.7.9 running 'init-local' at Thu, 03 Aug 2017 06:26:18 +0000. Up 23.39 seconds.
] Listening on Load/Save RF Kill Switch Status /dev/rfkill Watch.
[[0;32m  OK  [0m] Started LSB: AppArmor initialization.
[[0;32m  OK  [0m] Started Update UTMP about System Boot/Shutdown.
[[0;32m  OK  [0m] Started Initial cloud-init job (pre-networking).
[[0;32m  OK  [0m] Reached target Network (Pre).
         Starting Raise network interfaces...
[[0;32m  OK  [0m] Started Set console font and keymap.
[[0;32m  OK  [0m] Created slice system-getty.slice.
[[0;32m  OK  [0m] Started Raise network interfaces.
[[0;32m  OK  [0m] Reached target Network.
         Starting Initial cloud-init job (metadata service crawler)...
[   31.017927] cloud-init[954]: Cloud-init v. 0.7.9 running 'init' at Thu, 03 Aug 2017 06:26:25 +0000. Up 29.76 seconds.
[   31.088513] cloud-init[[0;32m  OK  [0m] [954]: ci-info: ++++++++++++++++++++++++++++++++++++++Net device info++++++++++++++++++++++++++++++++++++++Started Initial cloud-init job (metadata service crawler).
[[0;32m  OK  [0m] Reached target System Initialization.
         Starting Socket activation for snappy daemon.
[[0;32m  OK  [0m] Listening on D-Bus System Message Bus Socket.
[[0;32m  OK  [0m] Started Daily apt activities.
[[0;32m  OK  [0m] Listening on UUID daemon activation socket.

[   31.296428] cloud-init[954]: ci-info: +--------+-------+----------------------------+---------------+-------+-------------------+
[   31.298748] cloud-init[954]: ci-info: | Device |   Up  |          Address           |      Mask     | Scope |     Hw-Address    |
[   31.298821] cloud-init[954]: ci-info: +--------+-------+----------------------------+---------------+-------+-------------------+
[   31.298881] cloud-init[954]: ci-info: |   lo   |  True |         127.0.0.1          |   255.0.0.0   |   .   |         .         |
[   31.298939] cloud-init[954]: ci-info: |   lo   |  True |          ::1/128           |       .       |  host |         .         |
[   31.298993] cloud-init[954]: ci-info: | enp0s8 | False |             .              |       .       |   .   | 08:00:27:35:61:81 |
[   31.299047] cloud-init[954]: ci-info: | enp0s3 |  True |         10.0.2.15          | 255.255.255.0 |   .   | 02:55:49:e6:89:8c |
[   31.299113] cloud-init[954]: ci-info: | enp0s3 |  True | fe80::55:49ff:fee6:898c/64 |       .       |  link | 02:55:49:e6:89:8c |
[   31.299216] cloud-init[954]: ci-info: +--------+-------+----------------------------+---------------+-------+-------------------+
[   31.299282] cloud-init[954]: ci-info: +++++++++++++++++++++++++++Route IPv4 info++++++++++++++++++++++++++++
[   31.299337] cloud-init[954]: ci-info: +-------+-------------+----------+---------------+-----------+-------+
[   31.299392] cloud-init[954]: ci-info: | Route | Destination | Gateway  |    Genmask    | Interface | Flags |
[   31.299446] cloud-init[954]: ci-info: +-------+-------------+----------+---------------+-----------+-------+
[   31.299500] cloud-init[954]: ci-info: |   0   |   0.0.0.0   | 10.0.2.2 |    0.0.0.0    |   enp0s3  |   UG  |
[   31.299557] cloud-init[954]: ci-info: |   1   |   10.0.2.0  | 0.0.0.0  | 255.255.255.0 |   enp0s3  |   U   |
[   31.299610] cloud-init[954]: ci-info: +-------+-------------+----------+---------------+-----------+-------+
[   31.299739] cloud-init[954]: Generating public/private rsa key pair.
[   31.299802] cloud-init[954]: Your identification has been saved in /etc/ssh/ssh_host_rsa_key.
[   31.299857] cloud-init[954]: Your public key has been saved in /etc/ssh/ssh_host_rsa_key.pub.
[   31.299911] cloud-init[954]: The key fingerprint is:
[   31.299962] cloud-init[954]: SHA256:5PHyODqD3uNLHnpHFxOc714viBcOKNfz3aRFtiKUt7E root@ubuntu-xenial
[   31.300018] cloud-init[954]: The key's randomart image is:
[   31.300072] cloud-init[954]: +---[RSA 2048]----+
[   31.300124] cloud-init[954]: |         . .     |
[   31.300233] cloud-init[954]: |          +      |
[   31.300290] cloud-init[954]: |        o  o.    |
[   31.300342] cloud-init[954]: |       o ooo.o  o|
[   31.300397] cloud-init[954]: |        Soo+. +o.|
[   31.300449] cloud-init[954]: |      . ++=.oE..o|
[   31.300501] cloud-init[954]: |     .o+o..B.=.* |
[   31.300553] cloud-init[954]: |    .==o... * + o|
[   31.300605] cloud-init[954]: |   .oo**   .   . |
[   31.300700] cloud-init[954]: +----[SHA256]-----+
[   31.300759] cloud-init[954]: Generating public/private dsa key pair.
[   31.300813] cloud-init[954]: Your identification has been saved in /etc/ssh/ssh_host_dsa_key.
[   31.300870] cloud-init[954]: Your public key has been saved in /etc/ssh/ssh_host_dsa_key.pub.
[   31.300921] cloud-init[954]: The key fingerprint is:
[   31.300975] cloud-init[954]: SHA256:3SOjrHZSd2sKXgaEw8H3DMjzatkFhQhUuW3Dm4Aznf8 root@ubuntu-xenial
[   31.301027] cloud-init[954]: The key's randomart image is:
[   31.301077] cloud-init[954]: +---[DSA 1024]----+
[   31.301130] cloud-init[954]: |   .o=o+ o.      |
[   31.301253] cloud-init[954]: |     .Bo=        |
[   31.301326] cloud-init[954]: |     o+O.=       |
[   31.301389] cloud-init[954]: |    + =o*.+.     |
[   31.301482] cloud-init[954]: |     o BS=+ o    |
[   31.301542] cloud-init[954]: |      +.*o.o..   |
[   31.301595] cloud-init[954]: |     . .+oo. .   |
[   31.301665] cloud-init[954]: |      oo.+E o    |
[   31.301726] cloud-init[954]: |     ..o. .o     |
[   31.301780] cloud-init         Starting LXD - unix socket.[954]: +----[SHA256]-----+
[   33.161617] cloud-init[954]: Generating public/private ecdsa key pair.
[   33.161664] cloud-init[954]: Your identification has been saved in /etc/ssh/ssh_host_ecdsa_key.
[   33.161693] cloud-init[954]: Your public key has been saved in /etc/ssh/ssh_host_ecdsa_key.pub.
[   33.161718] cloud-init[954]: The key fingerprint is:
[   33.161743] cloud-init[954]: SHA256:43HsRQVj3iIy9Msyj1WXGfDhjbTf+9iE9Uj14RjymJU root@ubuntu-xenial
[   33.161777] cloud-init[954]: The key's randomart image is:
[   33.161804] cloud-init[954]: +---[ECDSA 256]---+
[   33.161829] cloud-init[954]: |        .   =o=  |
[   33.161853] cloud-init[954]: |       . . o B.O |
[   33.161877] cloud-init[954]: |        o o.=EX.o|
[   33.161902] cloud-init[954]: |         = =*o+o+|
[   33.161927] cloud-init[954]: |        S *o.o..=|
[   33.161953] cloud-init[954]: |       . @ . . +o|
[   33.161977] cloud-init[954]: |        o o   o.o|
[   33.162001] cloud-init[954]: |               +.|
[   33.162027] cloud-init[954]: |              . o|
[   33.162052] cloud-init[954]: +----[SHA256]-----+
[   33.162079] cloud-init[954]: Generating public/private ed25519 key pair.
[   33.162174] cloud-init[954]: Your identification has been saved in /etc/ssh/ssh_host_ed25519_key.
[   33.162218] cloud-init[954]: Your public key has been saved in /etc/ssh/ssh_host_ed25519_key.pub.
[   33.162247] cloud-init[954]: The key fingerprint is:
[   33.162274] cloud-init[954]: SHA256:njtmsVmzSzUugO86AhithquJ9t4iPbalh2x3ndTiy5o root@ubuntu-xenial
[   33.162304] cloud-init[954]: The key's randomart image is:
[   33.162331] cloud-init[954]: +--[ED25519 256]--+
[   33.162359] cloud-init[954]: |                 |
[   33.162385] cloud-init[954]: |                 |
[   33.162413] cloud-init[954]: | .               |
[   33.162440] cloud-init[954]: |. .    .         |
[   33.162467] cloud-init[954]: |.+    . S . o    |
[   33.162500] cloud-init[954]: |+..    o.=o+ .   |
[   33.162528] cloud-init[954]: |..o...  B==o.    |
[   33.162555] cloud-init[954]: |o+ O=o.oO*..     |
[   33.162980] cloud-init[954]: |* *=*ooE++o.     |
[   33.163033] cloud-init[954]: +----[SHA256]-----+

[[0;32m  OK  [0m] Started Daily Cleanup of Temporary Directories.
[[0;32m  OK  [0m] Started Timer to automatically refresh installed snaps.
[[0;32m  OK  [0m] Reached target Timers.
[[0;32m  OK  [0m] Listening on ACPID Listen Socket.
[[0;32m  OK  [0m] Started ACPI Events Check.
[[0;32m  OK  [0m] Reached target Paths.
[[0;32m  OK  [0m] Reached target Network is Online.
         Starting iSCSI initiator daemon (iscsid)...
[[0;32m  OK  [0m] Reached target Cloud-config availability.
[[0;32m  OK  [0m] Listening on Socket activation for snappy daemon.
[[0;32m  OK  [0m] Listening on LXD - unix socket.
[[0;32m  OK  [0m] Reached target Sockets.
[[0;32m  OK  [0m] Reached target Basic System.
         Starting Accounts Service...
[[0;32m  OK  [0m] Started Snappy daemon.
         Starting LXD - container startup/shutdown...
[[0;32m  OK  [0m] Started Regular background program processing daemon.
         Starting Apply the settings specified in cloud-config...
[[0;32m  OK  [0m] Started Unattended Upgrades Shutdown.
         Starting LSB: MD monitoring daemon...
         Starting System Logging Service...
         Starting LSB: Record successful boot for GRUB...
         Starting Pollinate to seed the pseudo random number generator...
[   37.181812] cloud-init[1068]: Generating locales (this might take a while)...
         Starting Login Service...
[[0;32m  OK  [0m] Started D-Bus System Message Bus.
[[0;32m  OK  [0m] Started FUSE filesystem for LXC.
         Starting /etc/rc.local Compatibility...
[[0;32m  OK  [0m] Started ACPI event daemon.
         Starting Auto import assertions from block devices...
[[0;32m  OK  [0m] Started Deferred execution scheduler.
[[0;32m  OK  [0m] Started System Logging Service.
[[0;32m  OK  [0m] Started iSCSI initiator daemon (iscsid).
[[0;32m  OK  [0m] Started LXD - container startup/shutdown.
[[0;32m  OK  [0m] Started /etc/rc.local Compatibility.
[   39.154707] cloud-init[1068]:   en_US.UTF-8... done
[   39.230791] cloud-init[1068]: Generation complete.
[[0;32m  OK  [0m] Started Auto import assertions from block devices.
[[0;32m  OK  [0m] Started Login Service.
         Starting Authenticate and Authorize Users to Run Privileged Tasks...
         Starting Login to default iSCSI targets...
[[0;32m  OK  [0m] Started LSB: Record successful boot for GRUB.
[[0;32m  OK  [0m] Started LSB: MD monitoring daemon.
[[0;32m  OK  [0m] Started Authenticate and Authorize Users to Run Privileged Tasks.
[[0;32m  OK  [0m] Started Accounts Service.
[[0;32m  OK  [0m] Stopped OpenBSD Secure Shell server.
         Starting OpenBSD Secure Shell server...
[[0;32m  OK  [0m] Started Login to default iSCSI targets.
[[0;32m  OK  [0m] Started OpenBSD Secure Shell server.
[[0;32m  OK  [0m] Reached target Remote File Systems (Pre).
[[0;32m  OK  [0m] Reached target Remote File Systems.
         Starting LSB: VirtualBox Linux Additions...
         Starting LSB: Set the CPU Frequency Scaling governor to "ondemand"...
         Starting Permit User Sessions...
         Starting LSB: daemon to balance interrupts for SMP systems...
         Starting LSB: automatic crash report generation...
[[0;32m  OK  [0m] Started Permit User Sessions.
[[0;32m  OK  [0m] Started LSB: Set the CPU Frequency Scaling governor to "ondemand".
[[0;32m  OK  [0m] Created slice User Slice of ubuntu.
         Starting User Manager for UID 1000...
[[0;32m  OK  [0m] Started Session 1 of user ubuntu.
         Starting Terminate Plymouth Boot Screen...
         Starting Hold until boot process finishes up...
[[0;32m  OK  [0m] Started User Manager for UID 1000.
[[0;32m  OK  [0m] Started LSB: VirtualBox Linux Additions.
[[0;32m  OK  [0m] Started LSB: daemon to balance interrupts for SMP systems.
[[0;32m  OK  [0m] Started LSB: automatic crash report generation.
[[0;32m  OK  [0m] Started Terminate Plymouth Boot Screen.
[[0;32m  OK  [0m] Started Hold until boot process finishes up.
[   41.668262] [[0;32m  OK  [0m] Started Serial Getty on ttyS0.
         Starting Set console scheme...
[[0;32m  OK  [0m] Started Getty on tty1.
[[0;32m  OK  [0m] Reached target Login Prompts.
cloud-init[1068]: Cloud-init v. 0.7.9 running 'modules:config' at Thu, 03 Aug 2017 06:26:32 +0000. Up 36.67 seconds.
[[0;32m  OK  [0m] Started Set console scheme.
[[0;32m  OK  [0m] Started Apply the settings specified in cloud-config.
[[0;32m  OK  [0m] Started Session 2 of user ubuntu.

Ubuntu 16.04.2 LTS ubuntu-xenial ttyS0

ubuntu-xenial login: ci-info: +++++Authorized keys from /home/ubuntu/.ssh/authorized_keys for user ubuntu++++++
ci-info: +---------+-------------------------------------------------+---------+---------+
ci-info: | Keytype |                Fingerprint (md5)                | Options | Comment |
ci-info: +---------+-------------------------------------------------+---------+---------+
ci-info: | ssh-rsa | 10:63:b7:15:2c:d5:7d:37:2b:5c:ac:6a:31:81:63:3a |    -    | vagrant |
ci-info: +---------+-------------------------------------------------+---------+---------+
<14>Aug  3 06:26:44 ec2: 
<14>Aug  3 06:26:44 ec2: #############################################################
<14>Aug  3 06:26:44 ec2: -----BEGIN SSH HOST KEY FINGERPRINTS-----
<14>Aug  3 06:26:44 ec2: 1024 SHA256:3SOjrHZSd2sKXgaEw8H3DMjzatkFhQhUuW3Dm4Aznf8 root@ubuntu-xenial (DSA)
<14>Aug  3 06:26:44 ec2: 256 SHA256:43HsRQVj3iIy9Msyj1WXGfDhjbTf+9iE9Uj14RjymJU root@ubuntu-xenial (ECDSA)
<14>Aug  3 06:26:44 ec2: 256 SHA256:njtmsVmzSzUugO86AhithquJ9t4iPbalh2x3ndTiy5o root@ubuntu-xenial (ED25519)
<14>Aug  3 06:26:44 ec2: 2048 SHA256:5PHyODqD3uNLHnpHFxOc714viBcOKNfz3aRFtiKUt7E root@ubuntu-xenial (RSA)
<14>Aug  3 06:26:44 ec2: -----END SSH HOST KEY FINGERPRINTS-----
<14>Aug  3 06:26:44 ec2: #############################################################
-----BEGIN SSH HOST KEY KEYS-----
ecdsa-sha2-nistp256 AAAAE2VjZHNhLXNoYTItbmlzdHAyNTYAAAAIbmlzdHAyNTYAAABBBG9mmC2CXGwghJV3z4iSAbGbWyRKM95DG3NXmP7IUY+UsXGBqcP4N6T8wfYVNJCetxJaQTPtDXXjiCvOcq/bRys= root@ubuntu-xenial
ssh-ed25519 AAAAC3NzaC1lZDI1NTE5AAAAIOclnWjtBZT5YgYEuhuR338zY4j2c4WHrXk5Q/Pi3s/q root@ubuntu-xenial
ssh-rsa AAAAB3NzaC1yc2EAAAADAQABAAABAQDsEtStMxyeBBYvHvBzFEyc+xqn5LjYrMwbQ1tpEWVq5v3+uOKau/mIOjXKQuHi0XkC0U+BP5C5UyxyZNFGoDm4YzabYry9DIs/Eg0xEwJzSOlhWi9KrUiBPlr5DnzDXcQAd94/JGfB/rBRx+s6AWQG1Q18dvcQl4jexMZQK14utUKc9JzKncq1u/5M41pnfjrCeifi6kK5/pH7mSxLb8OlQzqKN3mNZXuysWH0z2g4LJhGui944RFw1mClI12SiYYN3uFvVC7x7iVlarlxAkgCgpAQJA7cAFvWAPbnTYQoAzYBohFZa4ZRas3oGt4Q6odBAGIAM1vcEAA9SbECEeBP root@ubuntu-xenial
-----END SSH HOST KEY KEYS-----
[   49.422733] cloud-init[1678]: Cloud-init v. 0.7.9 running 'modules:final' at Thu, 03 Aug 2017 06:26:44 +0000. Up 49.16 seconds.
[   49.422896] cloud-init[1678]: Cloud-init v. 0.7.9 finished at Thu, 03 Aug 2017 06:26:44 +0000. Datasource DataSourceNoCloud [seed=/dev/sdb][dsmode=net].  Up 49.41 seconds
